  Scanning sources for module dependencies...
  Entity.cpp
  CombatTracker.cpp
  TheUncodedOne.cpp
  Player.cpp
c1xx : fatal error C1083: Cannot open source file: 'Entity.cpp': No such file or directory
c1xx : fatal error C1083: Cannot open source file: 'Player.cpp': No such file or directory
c1xx : fatal error C1083: Cannot open source file: 'TheUncodedOne.cpp': No such file or directory
c1xx : fatal  error C1083: Cannot open source file: 'CombatTracker.cpp': No such file or directory
/CombatTracker.cpp(1,1): error C1083: Cannot open source file: 'CombatTracker.cpp': No such file or directory
/TheUncodedOne.cpp(1,1): error C1083: Cannot open source file: 'TheUncodedOne.cpp': No such file or directory
/Entity.cpp(1,1): error C1083: Cannot open source file: 'Entity.cpp': No such file or directory
/Player.cpp(1,1): error C1083: Cannot open source file: 'Player.cpp': No such file or directory
  Compiling...
  Entity.cpp
  Player.cpp
/Entity.cpp(1,1): error C1083: Cannot open source file: 'Entity.cpp': No such file or directory
/Player.cpp(1,1): error C1083: Cannot open source file: 'Player.cpp': No such file or directory
  TheUncodedOne.cpp
  CombatTracker.cpp
/TheUncodedOne.cpp(1,1): error C1083: Cannot open source file: 'TheUncodedOne.cpp': No such file or directory
/CombatTracker.cpp(1,1): error C1083: Cannot open source file: 'CombatTracker.cpp': No such file or directory
